<?xml version="1.0" encoding="UTF-8"?>
<!-- Generated by org.testng.reporters.JUnitReportReporter -->
<testsuite hostname="Santosh" failures="0" tests="3" name="org.wipro.uo.testcases.LoginFunctionality_ddf" time="80.727" errors="0" timestamp="2023-09-06T22:23:09 IST" skipped="0">
  <testcase classname="org.wipro.uo.testcases.LoginFunctionality_ddf" name="firsttestcase_loginfunc" time="21.427"/>
  <system-out/>
  <testcase classname="org.wipro.uo.testcases.LoginFunctionality_ddf" name="firsttestcase_loginfunc" time="23.600"/>
  <system-out/>
  <testcase classname="org.wipro.uo.testcases.LoginFunctionality_ddf" name="firsttestcase_loginfunc" time="35.700"/>
  <system-out/>
</testsuite> <!-- org.wipro.uo.testcases.LoginFunctionality_ddf -->
