<?xml version="1.0" encoding="UTF-8"?>
<!-- Generated by org.testng.reporters.JUnitReportReporter -->
<testsuite hostname="DESKTOP-TBLA2PR" failures="0" tests="6" name="learnTestNG.TestScenario6" time="0.034" errors="0" timestamp="2023-08-18T19:29:00 IST" skipped="0">
  <testcase classname="learnTestNG.TestScenario6" name="second_tstcase" time="0.007"/>
  <system-out/>
  <testcase classname="learnTestNG.TestScenario6" name="first_tstcase" time="0.003"/>
  <system-out/>
  <testcase classname="learnTestNG.TestScenario6" name="fifth_tstcase" time="0.009"/>
  <system-out/>
  <testcase classname="learnTestNG.TestScenario6" name="sixth_tstcase" time="0.004"/>
  <system-out/>
  <testcase classname="learnTestNG.TestScenario6" name="third_tstcase" time="0.007"/>
  <system-out/>
  <testcase classname="learnTestNG.TestScenario6" name="forth_tstcase" time="0.004"/>
  <system-out/>
</testsuite> <!-- learnTestNG.TestScenario6 -->
