<?xml version="1.0" encoding="UTF-8"?>
<!-- Generated by org.testng.reporters.JUnitReportReporter -->
<testsuite hostname="Santosh" failures="0" tests="1" name="org.wipro.uo.testcases.LoginFunctionality" time="48.420" errors="0" timestamp="2023-09-05T22:53:26 IST" skipped="0">
  <testcase classname="org.wipro.uo.testcases.LoginFunctionality" name="firsttestcase_loginfunc" time="48.420"/>
  <system-out/>
</testsuite> <!-- org.wipro.uo.testcases.LoginFunctionality -->
