<?xml version="1.0" encoding="UTF-8"?>
<!-- Generated by org.testng.reporters.JUnitReportReporter -->
<testsuite hostname="DESKTOP-TBLA2PR" failures="0" tests="1" name="learnTestNG.TestScenario8" time="0.009" errors="0" timestamp="2023-08-18T19:42:33 IST" skipped="0">
  <testcase classname="learnTestNG.TestScenario8" name="first_tstcase" time="0.009"/>
  <system-out/>
</testsuite> <!-- learnTestNG.TestScenario8 -->
