<?xml version="1.0" encoding="UTF-8"?>
<!-- Generated by org.testng.reporters.JUnitReportReporter -->
<testsuite hostname="DESKTOP-TBLA2PR" failures="0" tests="6" name="learnTestNG.TestScenario9" time="0.109" errors="0" timestamp="2023-08-18T19:28:59 IST" skipped="0">
  <testcase classname="learnTestNG.TestScenario9" name="third_tstcase" time="0.008"/>
  <system-out/>
  <testcase classname="learnTestNG.TestScenario9" name="first_tstcase" time="0.009"/>
  <system-out/>
  <testcase classname="learnTestNG.TestScenario9" name="fifth_tstcase" time="0.057"/>
  <system-out/>
  <testcase classname="learnTestNG.TestScenario9" name="second_tstcase" time="0.014"/>
  <system-out/>
  <testcase classname="learnTestNG.TestScenario9" name="sixth_tstcase" time="0.009"/>
  <system-out/>
  <testcase classname="learnTestNG.TestScenario9" name="forth_tstcase" time="0.012"/>
  <system-out/>
</testsuite> <!-- learnTestNG.TestScenario9 -->
