<?xml version="1.0" encoding="UTF-8"?>
<!-- Generated by org.testng.reporters.JUnitReportReporter -->
<testsuite hostname="DESKTOP-TBLA2PR" failures="0" tests="1" name="learnTestNG.TestScenario2" time="0.055" errors="0" timestamp="2023-08-18T19:42:12 IST" skipped="0">
  <testcase classname="learnTestNG.TestScenario2" name="third_tstcase" time="0.055"/>
  <system-out/>
</testsuite> <!-- learnTestNG.TestScenario2 -->
