<?xml version="1.0" encoding="UTF-8"?>
<!-- Generated by org.testng.reporters.JUnitReportReporter -->
<testsuite hostname="Santosh" failures="0" tests="4" name="automation.KyyboardMouseControl" time="38.415" errors="0" timestamp="2023-09-04T19:40:42 IST" skipped="2">
  <testcase classname="automation.KyyboardMouseControl" name="handleFrames" time="22.985"/>
  <system-out/>
  <testcase classname="automation.KyyboardMouseControl" name="handleAlerts" time="15.430"/>
  <system-out/>
  <testcase classname="automation.KyyboardMouseControl" name="mousecontrol">
    <skipped/>
  </testcase> <!-- mousecontrol -->
  <system-out/>
  <testcase classname="automation.KyyboardMouseControl" name="kyeboardcontrol">
    <skipped/>
  </testcase> <!-- kyeboardcontrol -->
  <system-out/>
</testsuite> <!-- automation.KyyboardMouseControl -->
