<?xml version="1.0" encoding="UTF-8"?>
<!-- Generated by org.testng.reporters.JUnitReportReporter -->
<testsuite hostname="DESKTOP-TBLA2PR" failures="0" tests="1" name="automation.BrowserControl" time="25.926" errors="0" timestamp="2023-08-31T19:40:18 IST" skipped="0">
  <testcase classname="automation.BrowserControl" name="launchBrowser" time="25.926"/>
  <system-out/>
</testsuite> <!-- automation.BrowserControl -->
