<?xml version="1.0" encoding="UTF-8"?>
<!-- Generated by org.testng.reporters.JUnitReportReporter -->
<testsuite hostname="DESKTOP-TBLA2PR" failures="0" tests="2" name="learnTestNG.TestScenario5" time="0.018" errors="0" timestamp="2023-08-18T19:42:12 IST" skipped="0">
  <testcase classname="learnTestNG.TestScenario5" name="fifth_tstcase" time="0.009"/>
  <system-out/>
  <testcase classname="learnTestNG.TestScenario5" name="second_tstcase" time="0.009"/>
  <system-out/>
</testsuite> <!-- learnTestNG.TestScenario5 -->
