<?xml version="1.0" encoding="UTF-8"?>
<!-- Generated by org.testng.reporters.JUnitReportReporter -->
<testsuite hostname="DESKTOP-TBLA2PR" failures="0" tests="2" name="automation.FirstAutomation" time="32.460" errors="0" timestamp="2023-08-31T19:25:16 IST" skipped="1">
  <testcase classname="automation.FirstAutomation" name="signupFunctionality" time="32.460"/>
  <system-out/>
  <testcase classname="automation.FirstAutomation" name="loginFunctionality">
    <skipped/>
  </testcase> <!-- loginFunctionality -->
  <system-out/>
</testsuite> <!-- automation.FirstAutomation -->
